<?xml version="1.0" encoding="UTF-8"?>
<!-- Generated by org.testng.reporters.JUnitReportReporter -->
<testsuite skipped="1" hostname="DESKTOP-37P2FQB" name="week6.day2.EditLeadone" tests="4" failures="0" timestamp="2022-08-21T17:08:53 IST" time="144.397" errors="0">
  <testcase name="testeditlead" time="25.676" classname="week6.day2.EditLeadone">
    <skipped/>
  </testcase> <!-- testeditlead -->
  <system-out/>
  <testcase name="testeditlead" time="67.992" classname="week6.day2.EditLeadone"/>
  <system-out/>
  <testcase name="testeditlead" time="26.420" classname="week6.day2.EditLeadone"/>
  <system-out/>
  <testcase name="testeditlead" time="24.309" classname="week6.day2.EditLeadone"/>
  <system-out/>
</testsuite> <!-- week6.day2.EditLeadone -->
