<?xml version="1.0" encoding="UTF-8"?>
<!-- Generated by org.testng.reporters.JUnitReportReporter -->
<testsuite hostname="DESKTOP-37P2FQB" failures="0" tests="2" name="week6.day1.CreateLeadOne" time="28.793" errors="0" timestamp="2022-08-13T18:40:14 IST" skipped="0">
  <testcase classname="week6.day1.CreateLeadOne" name="createleadone" time="14.192"/>
  <system-out/>
  <testcase classname="week6.day1.CreateLeadOne" name="createleadone" time="14.601"/>
  <system-out/>
</testsuite> <!-- week6.day1.CreateLeadOne -->
