<?xml version="1.0" encoding="UTF-8"?>
<!-- Generated by org.testng.reporters.JUnitReportReporter -->
<testsuite hostname="DESKTOP-37P2FQB" failures="0" tests="1" name="week4.day2.TestngTest" time="17.807" errors="0" timestamp="2022-08-13T14:56:51 IST" skipped="0">
  <testcase classname="week4.day2.TestngTest" name="loginPage" time="17.807"/>
  <system-out/>
</testsuite> <!-- week4.day2.TestngTest -->
