<?xml version="1.0" encoding="UTF-8"?>
<!-- Generated by org.testng.reporters.JUnitReportReporter -->
<testsuite hostname="DESKTOP-37P2FQB" failures="0" tests="1" name="week6.day2.ReadExcelData" time="1.409" errors="0" timestamp="2022-08-14T17:34:22 IST" skipped="0">
  <testcase classname="week6.day2.ReadExcelData" name="readData" time="1.409"/>
  <system-out/>
</testsuite> <!-- week6.day2.ReadExcelData -->
