<?xml version="1.0" encoding="UTF-8"?>
<!-- Generated by org.testng.reporters.JUnitReportReporter -->
<testsuite hostname="DESKTOP-37P2FQB" failures="0" tests="1" name="week6.day1.DuplicateLeadOne" time="24.642" errors="0" timestamp="2022-08-13T18:40:14 IST" skipped="0">
  <testcase classname="week6.day1.DuplicateLeadOne" name="duplicateLead" time="24.642"/>
  <system-out/>
</testsuite> <!-- week6.day1.DuplicateLeadOne -->
